Arguments: 
  /Users/jdsans/.nvm/versions/node/v13.13.0/bin/node /usr/local/Cellar/yarn/1.22.4/libexec/bin/yarn.js add webpack @types/webpack--dev

PATH: 
  /Users/jdsans/google-cloud-sdk/bin:/Users/jdsans/.nvm/versions/node/v13.13.0/bin:/usr/local/mysql/bin:/usr/local/aws/bin:/usr/local/bin:/usr/bin:/bin:/usr/sbin:/sbin:/Users/jdsans/google-cloud-sdk/bin:/Users/jdsans/.nvm/versions/node/v13.13.0/bin:/usr/local/mysql/bin:/usr/local/aws/bin

Yarn version: 
  1.22.4

Node version: 
  13.13.0

Platform: 
  darwin x64

Trace: 
  Error: https://registry.yarnpkg.com/@types%2fwebpack--dev: Not found
      at Request.params.callback [as _callback] (/usr/local/Cellar/yarn/1.22.4/libexec/lib/cli.js:66987:18)
      at Request.self.callback (/usr/local/Cellar/yarn/1.22.4/libexec/lib/cli.js:140748:22)
      at Request.emit (events.js:315:20)
      at Request.<anonymous> (/usr/local/Cellar/yarn/1.22.4/libexec/lib/cli.js:141720:10)
      at Request.emit (events.js:315:20)
      at IncomingMessage.<anonymous> (/usr/local/Cellar/yarn/1.22.4/libexec/lib/cli.js:141642:12)
      at Object.onceWrapper (events.js:421:28)
      at IncomingMessage.emit (events.js:327:22)
      at endReadableNT (_stream_readable.js:1201:12)
      at processTicksAndRejections (internal/process/task_queues.js:84:21)

npm manifest: 
  {
      "name": "rainbocli",
      "version": "1.0.0",
      "description": "A Cli tool for Rainbo.io",
      "main": "index.js",
      "private": true,
      "bin": {
          "rainbo": "dist/cli.js"
      },
      "scripts": {
          "tsc" : "tsc"
      },
      "type": "module",
      "author": "jdsans",
      "license": "MIT",
      "dependencies": {
          "commander": "^5.1.0"
      },
      "devDependencies": {
          "typescript": "^3.9.3"
      }
  }

yarn manifest: 
  No manifest

Lockfile: 
  # THIS IS AN AUTOGENERATED FILE. DO NOT EDIT THIS FILE DIRECTLY.
  # yarn lockfile v1
  
  
  commander@^5.1.0:
    version "5.1.0"
    resolved "https://registry.yarnpkg.com/commander/-/commander-5.1.0.tgz#46abbd1652f8e059bddaef99bbdcb2ad9cf179ae"
    integrity sha512-P0CysNDQ7rtVw4QIQtm+MRxV66vKFSvlsQvGYXZWR3qFU0jlMKHZZZgw8e+8DSah4UDKMqnknRDQz+xuQXQ/Zg==
  
  typescript@^3.9.3:
    version "3.9.3"
    resolved "https://registry.yarnpkg.com/typescript/-/typescript-3.9.3.tgz#d3ac8883a97c26139e42df5e93eeece33d610b8a"
    integrity sha512-D/wqnB2xzNFIcoBG9FG8cXRDjiqSTbG2wd8DMZeQyJlP1vfTkIxH4GKveWaEBYySKIg+USu+E+EDIR47SqnaMQ==
